{"/Users/jenny/Desktop/Bootcamp-Exercises:Labs/TDD-Lab-1/script.js": {"path":"/Users/jenny/Desktop/Bootcamp-Exercises:Labs/TDD-Lab-1/script.js","statementMap":{"0":{"start":{"line":5,"column":11},"end":{"line":29,"column":1}},"1":{"start":{"line":8,"column":19},"end":{"line":8,"column":44}},"2":{"start":{"line":9,"column":4},"end":{"line":28,"column":5}},"3":{"start":{"line":10,"column":8},"end":{"line":10,"column":42}},"4":{"start":{"line":16,"column":21},"end":{"line":16,"column":23}},"5":{"start":{"line":18,"column":8},"end":{"line":27,"column":9}},"6":{"start":{"line":18,"column":19},"end":{"line":18,"column":20}},"7":{"start":{"line":20,"column":12},"end":{"line":26,"column":13}},"8":{"start":{"line":21,"column":16},"end":{"line":21,"column":48}},"9":{"start":{"line":25,"column":16},"end":{"line":25,"column":67}},"10":{"start":{"line":32,"column":0},"end":{"line":32,"column":20}}},"fnMap":{"0":{"name":"(anonymous_0)","decl":{"start":{"line":5,"column":11},"end":{"line":5,"column":12}},"loc":{"start":{"line":5,"column":21},"end":{"line":29,"column":1}},"line":5}},"branchMap":{"0":{"loc":{"start":{"line":9,"column":4},"end":{"line":28,"column":5}},"type":"if","locations":[{"start":{"line":9,"column":4},"end":{"line":28,"column":5}},{"start":{"line":9,"column":4},"end":{"line":28,"column":5}}],"line":9},"1":{"loc":{"start":{"line":20,"column":12},"end":{"line":26,"column":13}},"type":"if","locations":[{"start":{"line":20,"column":12},"end":{"line":26,"column":13}},{"start":{"line":20,"column":12},"end":{"line":26,"column":13}}],"line":20}},"s":{"0":1,"1":10,"2":10,"3":5,"4":5,"5":5,"6":5,"7":13,"8":8,"9":5,"10":1},"f":{"0":10},"b":{"0":[5,5],"1":[8,5]},"_coverageSchema":"1a1c01bbd47fc00a2c39e90264f33305004495a9","hash":"2ee4bf9dee7a23fb3bd9b0201487caf6995bac78"}
}
